<?xml version="1.0" encoding="UTF-8"?>
<coverage generated="1759811305507" clover="3.2.0">
  <project timestamp="1759811305508" name="All files">
    <metrics statements="70" coveredstatements="61" conditionals="20" coveredconditionals="15" methods="29" coveredmethods="21" elements="119" coveredelements="97" complexity="0" loc="70" ncloc="70" packages="9" files="12" classes="12"/>
    <package name="shared.application.users">
      <metrics statements="3" coveredstatements="3" conditionals="0" coveredconditionals="0" methods="2" coveredmethods="2"/>
      <file name="FindUser.ts" path="/home/alexis/projects/00.Personals/task-management-api/src/shared/application/users/FindUser.ts">
        <metrics statements="3" coveredstatements="3" conditionals="0" coveredconditionals="0" methods="2" coveredmethods="2"/>
        <line num="5" count="1" type="stmt"/>
        <line num="6" count="2" type="stmt"/>
        <line num="10" count="2" type="stmt"/>
      </file>
    </package>
    <package name="shared.domain.entities">
      <metrics statements="23" coveredstatements="16" conditionals="4" coveredconditionals="2" methods="9" coveredmethods="2"/>
      <file name="Address.ts" path="/home/alexis/projects/00.Personals/task-management-api/src/shared/domain/entities/Address.ts">
        <metrics statements="7" coveredstatements="7" conditionals="0" coveredconditionals="0" methods="1" coveredmethods="1"/>
        <line num="1" count="3" type="stmt"/>
        <line num="17" count="3" type="stmt"/>
        <line num="18" count="3" type="stmt"/>
        <line num="19" count="3" type="stmt"/>
        <line num="20" count="3" type="stmt"/>
        <line num="21" count="3" type="stmt"/>
        <line num="22" count="3" type="stmt"/>
      </file>
      <file name="User.ts" path="/home/alexis/projects/00.Personals/task-management-api/src/shared/domain/entities/User.ts">
        <metrics statements="16" coveredstatements="9" conditionals="4" coveredconditionals="2" methods="8" coveredmethods="1"/>
        <line num="3" count="3" type="stmt"/>
        <line num="23" count="5" type="stmt"/>
        <line num="24" count="5" type="stmt"/>
        <line num="25" count="5" type="stmt"/>
        <line num="26" count="5" type="stmt"/>
        <line num="27" count="5" type="stmt"/>
        <line num="28" count="5" type="stmt"/>
        <line num="30" count="5" type="cond" truecount="1" falsecount="1"/>
        <line num="31" count="5" type="cond" truecount="1" falsecount="1"/>
        <line num="36" count="0" type="stmt"/>
        <line num="40" count="0" type="stmt"/>
        <line num="44" count="0" type="stmt"/>
        <line num="48" count="0" type="stmt"/>
        <line num="52" count="0" type="stmt"/>
        <line num="56" count="0" type="stmt"/>
        <line num="60" count="0" type="stmt"/>
      </file>
    </package>
    <package name="tasks.application.assignment">
      <metrics statements="7" coveredstatements="7" conditionals="0" coveredconditionals="0" methods="4" coveredmethods="4"/>
      <file name="AllAssignedToSpecificUser.ts" path="/home/alexis/projects/00.Personals/task-management-api/src/tasks/application/assignment/AllAssignedToSpecificUser.ts">
        <metrics statements="3" coveredstatements="3" conditionals="0" coveredconditionals="0" methods="2" coveredmethods="2"/>
        <line num="4" count="1" type="stmt"/>
        <line num="5" count="2" type="stmt"/>
        <line num="9" count="2" type="stmt"/>
      </file>
      <file name="AssignToUser.ts" path="/home/alexis/projects/00.Personals/task-management-api/src/tasks/application/assignment/AssignToUser.ts">
        <metrics statements="4" coveredstatements="4" conditionals="0" coveredconditionals="0" methods="2" coveredmethods="2"/>
        <line num="4" count="1" type="stmt"/>
        <line num="5" count="1" type="stmt"/>
        <line num="9" count="1" type="stmt"/>
        <line num="11" count="1" type="stmt"/>
      </file>
    </package>
    <package name="tasks.application.create">
      <metrics statements="5" coveredstatements="5" conditionals="0" coveredconditionals="0" methods="2" coveredmethods="2"/>
      <file name="CreateTask.ts" path="/home/alexis/projects/00.Personals/task-management-api/src/tasks/application/create/CreateTask.ts">
        <metrics statements="5" coveredstatements="5" conditionals="0" coveredconditionals="0" methods="2" coveredmethods="2"/>
        <line num="2" count="1" type="stmt"/>
        <line num="5" count="1" type="stmt"/>
        <line num="6" count="1" type="stmt"/>
        <line num="11" count="1" type="stmt"/>
        <line num="20" count="1" type="stmt"/>
      </file>
    </package>
    <package name="tasks.application.delete">
      <metrics statements="3" coveredstatements="3" conditionals="0" coveredconditionals="0" methods="2" coveredmethods="2"/>
      <file name="DeleteTask.ts" path="/home/alexis/projects/00.Personals/task-management-api/src/tasks/application/delete/DeleteTask.ts">
        <metrics statements="3" coveredstatements="3" conditionals="0" coveredconditionals="0" methods="2" coveredmethods="2"/>
        <line num="3" count="1" type="stmt"/>
        <line num="4" count="1" type="stmt"/>
        <line num="8" count="1" type="stmt"/>
      </file>
    </package>
    <package name="tasks.application.find">
      <metrics statements="6" coveredstatements="6" conditionals="0" coveredconditionals="0" methods="4" coveredmethods="4"/>
      <file name="FindAllTasks.ts" path="/home/alexis/projects/00.Personals/task-management-api/src/tasks/application/find/FindAllTasks.ts">
        <metrics statements="3" coveredstatements="3" conditionals="0" coveredconditionals="0" methods="2" coveredmethods="2"/>
        <line num="4" count="1" type="stmt"/>
        <line num="5" count="1" type="stmt"/>
        <line num="9" count="1" type="stmt"/>
      </file>
      <file name="FindTask.ts" path="/home/alexis/projects/00.Personals/task-management-api/src/tasks/application/find/FindTask.ts">
        <metrics statements="3" coveredstatements="3" conditionals="0" coveredconditionals="0" methods="2" coveredmethods="2"/>
        <line num="4" count="1" type="stmt"/>
        <line num="5" count="2" type="stmt"/>
        <line num="9" count="2" type="stmt"/>
      </file>
    </package>
    <package name="tasks.domain">
      <metrics statements="13" coveredstatements="11" conditionals="16" coveredconditionals="13" methods="2" coveredmethods="1"/>
      <file name="Task.ts" path="/home/alexis/projects/00.Personals/task-management-api/src/tasks/domain/Task.ts">
        <metrics statements="13" coveredstatements="11" conditionals="16" coveredconditionals="13" methods="2" coveredmethods="1"/>
        <line num="1" count="5" type="stmt"/>
        <line num="25" count="8" type="stmt"/>
        <line num="26" count="8" type="stmt"/>
        <line num="27" count="8" type="stmt"/>
        <line num="28" count="8" type="cond" truecount="3" falsecount="1"/>
        <line num="29" count="8" type="stmt"/>
        <line num="30" count="8" type="stmt"/>
        <line num="31" count="8" type="stmt"/>
        <line num="32" count="8" type="cond" truecount="4" falsecount="0"/>
        <line num="33" count="8" type="cond" truecount="3" falsecount="1"/>
        <line num="34" count="8" type="cond" truecount="3" falsecount="1"/>
        <line num="38" count="0" type="stmt"/>
        <line num="39" count="0" type="stmt"/>
      </file>
    </package>
    <package name="users.application.create">
      <metrics statements="7" coveredstatements="7" conditionals="0" coveredconditionals="0" methods="2" coveredmethods="2"/>
      <file name="CreateUser.ts" path="/home/alexis/projects/00.Personals/task-management-api/src/users/application/create/CreateUser.ts">
        <metrics statements="7" coveredstatements="7" conditionals="0" coveredconditionals="0" methods="2" coveredmethods="2"/>
        <line num="2" count="1" type="stmt"/>
        <line num="3" count="1" type="stmt"/>
        <line num="6" count="1" type="stmt"/>
        <line num="7" count="1" type="stmt"/>
        <line num="11" count="1" type="stmt"/>
        <line num="20" count="1" type="stmt"/>
        <line num="28" count="1" type="stmt"/>
      </file>
    </package>
    <package name="users.application.find">
      <metrics statements="3" coveredstatements="3" conditionals="0" coveredconditionals="0" methods="2" coveredmethods="2"/>
      <file name="FindAllUsers.ts" path="/home/alexis/projects/00.Personals/task-management-api/src/users/application/find/FindAllUsers.ts">
        <metrics statements="3" coveredstatements="3" conditionals="0" coveredconditionals="0" methods="2" coveredmethods="2"/>
        <line num="4" count="1" type="stmt"/>
        <line num="5" count="2" type="stmt"/>
        <line num="9" count="2" type="stmt"/>
      </file>
    </package>
  </project>
</coverage>
