{"/home/alexis/projects/00.Personals/task-management-api/src/shared/application/users/FindUser.ts": {"path":"/home/alexis/projects/00.Personals/task-management-api/src/shared/application/users/FindUser.ts","statementMap":{"0":{"start":{"line":6,"column":24},"end":{"line":6,"column":55}},"1":{"start":{"line":10,"column":8},"end":{"line":10,"column":48}},"2":{"start":{"line":5,"column":0},"end":{"line":5,"column":13}}},"fnMap":{"0":{"name":"(anonymous_7)","decl":{"start":{"line":6,"column":4},"end":{"line":6,"column":24}},"loc":{"start":{"line":6,"column":55},"end":{"line":7,"column":5}}},"1":{"name":"(anonymous_8)","decl":{"start":{"line":9,"column":10},"end":{"line":9,"column":17}},"loc":{"start":{"line":9,"column":28},"end":{"line":11,"column":null}}}},"branchMap":{},"s":{"0":2,"1":2,"2":1},"f":{"0":2,"1":2},"b":{}}
,"/home/alexis/projects/00.Personals/task-management-api/src/shared/domain/entities/Address.ts": {"path":"/home/alexis/projects/00.Personals/task-management-api/src/shared/domain/entities/Address.ts","statementMap":{"0":{"start":{"line":17,"column":8},"end":{"line":17,"column":47}},"1":{"start":{"line":18,"column":8},"end":{"line":18,"column":47}},"2":{"start":{"line":19,"column":8},"end":{"line":19,"column":31}},"3":{"start":{"line":20,"column":8},"end":{"line":20,"column":53}},"4":{"start":{"line":21,"column":8},"end":{"line":21,"column":43}},"5":{"start":{"line":22,"column":8},"end":{"line":22,"column":37}},"6":{"start":{"line":1,"column":0},"end":{"line":1,"column":13}}},"fnMap":{"0":{"name":"(anonymous_0)","decl":{"start":{"line":9,"column":4},"end":{"line":9,"column":16}},"loc":{"start":{"line":16,"column":5},"end":{"line":23,"column":5}}}},"branchMap":{},"s":{"0":3,"1":3,"2":3,"3":3,"4":3,"5":3,"6":3},"f":{"0":3},"b":{}}
,"/home/alexis/projects/00.Personals/task-management-api/src/shared/domain/entities/User.ts": {"path":"/home/alexis/projects/00.Personals/task-management-api/src/shared/domain/entities/User.ts","statementMap":{"0":{"start":{"line":23,"column":8},"end":{"line":23,"column":27}},"1":{"start":{"line":24,"column":8},"end":{"line":24,"column":31}},"2":{"start":{"line":25,"column":8},"end":{"line":25,"column":33}},"3":{"start":{"line":26,"column":8},"end":{"line":26,"column":45}},"4":{"start":{"line":27,"column":8},"end":{"line":27,"column":37}},"5":{"start":{"line":28,"column":8},"end":{"line":28,"column":31}},"6":{"start":{"line":30,"column":8},"end":{"line":30,"column":62}},"7":{"start":{"line":30,"column":29},"end":{"line":30,"column":62}},"8":{"start":{"line":31,"column":8},"end":{"line":31,"column":62}},"9":{"start":{"line":31,"column":29},"end":{"line":31,"column":62}},"10":{"start":{"line":36,"column":8},"end":{"line":36,"column":25}},"11":{"start":{"line":40,"column":8},"end":{"line":40,"column":26}},"12":{"start":{"line":44,"column":8},"end":{"line":44,"column":32}},"13":{"start":{"line":48,"column":8},"end":{"line":48,"column":28}},"14":{"start":{"line":52,"column":8},"end":{"line":52,"column":25}},"15":{"start":{"line":56,"column":8},"end":{"line":56,"column":30}},"16":{"start":{"line":60,"column":8},"end":{"line":60,"column":30}},"17":{"start":{"line":3,"column":0},"end":{"line":3,"column":13}}},"fnMap":{"0":{"name":"(anonymous_0)","decl":{"start":{"line":13,"column":4},"end":{"line":13,"column":16}},"loc":{"start":{"line":22,"column":5},"end":{"line":32,"column":5}}},"1":{"name":"(anonymous_1)","decl":{"start":{"line":35,"column":11},"end":{"line":35,"column":18}},"loc":{"start":{"line":35,"column":18},"end":{"line":37,"column":5}}},"2":{"name":"(anonymous_2)","decl":{"start":{"line":39,"column":11},"end":{"line":39,"column":19}},"loc":{"start":{"line":39,"column":19},"end":{"line":41,"column":5}}},"3":{"name":"(anonymous_3)","decl":{"start":{"line":43,"column":11},"end":{"line":43,"column":25}},"loc":{"start":{"line":43,"column":25},"end":{"line":45,"column":5}}},"4":{"name":"(anonymous_4)","decl":{"start":{"line":47,"column":11},"end":{"line":47,"column":21}},"loc":{"start":{"line":47,"column":21},"end":{"line":49,"column":5}}},"5":{"name":"(anonymous_5)","decl":{"start":{"line":51,"column":11},"end":{"line":51,"column":18}},"loc":{"start":{"line":51,"column":18},"end":{"line":53,"column":5}}},"6":{"name":"(anonymous_6)","decl":{"start":{"line":55,"column":11},"end":{"line":55,"column":23}},"loc":{"start":{"line":55,"column":23},"end":{"line":57,"column":5}}},"7":{"name":"(anonymous_7)","decl":{"start":{"line":59,"column":11},"end":{"line":59,"column":23}},"loc":{"start":{"line":59,"column":23},"end":{"line":61,"column":5}}}},"branchMap":{"0":{"loc":{"start":{"line":30,"column":8},"end":{"line":30,"column":62}},"type":"if","locations":[{"start":{"line":30,"column":8},"end":{"line":30,"column":62}},{"start":{},"end":{}}]},"1":{"loc":{"start":{"line":31,"column":8},"end":{"line":31,"column":62}},"type":"if","locations":[{"start":{"line":31,"column":8},"end":{"line":31,"column":62}},{"start":{},"end":{}}]}},"s":{"0":5,"1":5,"2":5,"3":5,"4":5,"5":5,"6":5,"7":0,"8":5,"9":0,"10":0,"11":0,"12":0,"13":0,"14":0,"15":0,"16":0,"17":3},"f":{"0":5,"1":0,"2":0,"3":0,"4":0,"5":0,"6":0,"7":0},"b":{"0":[0,5],"1":[0,5]}}
,"/home/alexis/projects/00.Personals/task-management-api/src/tasks/application/assignment/AllAssignedToSpecificUser.ts": {"path":"/home/alexis/projects/00.Personals/task-management-api/src/tasks/application/assignment/AllAssignedToSpecificUser.ts","statementMap":{"0":{"start":{"line":5,"column":24},"end":{"line":5,"column":55}},"1":{"start":{"line":9,"column":8},"end":{"line":9,"column":69}},"2":{"start":{"line":4,"column":0},"end":{"line":4,"column":13}}},"fnMap":{"0":{"name":"(anonymous_7)","decl":{"start":{"line":5,"column":4},"end":{"line":5,"column":24}},"loc":{"start":{"line":5,"column":55},"end":{"line":6,"column":5}}},"1":{"name":"(anonymous_8)","decl":{"start":{"line":8,"column":10},"end":{"line":8,"column":17}},"loc":{"start":{"line":8,"column":28},"end":{"line":10,"column":null}}}},"branchMap":{},"s":{"0":2,"1":2,"2":1},"f":{"0":2,"1":2},"b":{}}
,"/home/alexis/projects/00.Personals/task-management-api/src/tasks/application/assignment/AssignToUser.ts": {"path":"/home/alexis/projects/00.Personals/task-management-api/src/tasks/application/assignment/AssignToUser.ts","statementMap":{"0":{"start":{"line":5,"column":24},"end":{"line":5,"column":55}},"1":{"start":{"line":9,"column":8},"end":{"line":9,"column":34}},"2":{"start":{"line":11,"column":8},"end":{"line":11,"column":45}},"3":{"start":{"line":4,"column":0},"end":{"line":4,"column":13}}},"fnMap":{"0":{"name":"(anonymous_7)","decl":{"start":{"line":5,"column":4},"end":{"line":5,"column":24}},"loc":{"start":{"line":5,"column":55},"end":{"line":6,"column":5}}},"1":{"name":"(anonymous_8)","decl":{"start":{"line":8,"column":10},"end":{"line":8,"column":17}},"loc":{"start":{"line":8,"column":44},"end":{"line":12,"column":null}}}},"branchMap":{},"s":{"0":1,"1":1,"2":1,"3":1},"f":{"0":1,"1":1},"b":{}}
,"/home/alexis/projects/00.Personals/task-management-api/src/tasks/application/create/CreateTask.ts": {"path":"/home/alexis/projects/00.Personals/task-management-api/src/tasks/application/create/CreateTask.ts","statementMap":{"0":{"start":{"line":2,"column":0},"end":{"line":2,"column":39}},"1":{"start":{"line":6,"column":24},"end":{"line":6,"column":55}},"2":{"start":{"line":11,"column":23},"end":{"line":18,"column":10}},"3":{"start":{"line":20,"column":8},"end":{"line":20,"column":50}},"4":{"start":{"line":5,"column":0},"end":{"line":5,"column":13}}},"fnMap":{"0":{"name":"(anonymous_7)","decl":{"start":{"line":6,"column":4},"end":{"line":6,"column":24}},"loc":{"start":{"line":6,"column":55},"end":{"line":7,"column":5}}},"1":{"name":"(anonymous_8)","decl":{"start":{"line":9,"column":10},"end":{"line":9,"column":17}},"loc":{"start":{"line":9,"column":41},"end":{"line":21,"column":null}}}},"branchMap":{},"s":{"0":1,"1":1,"2":1,"3":1,"4":1},"f":{"0":1,"1":1},"b":{}}
,"/home/alexis/projects/00.Personals/task-management-api/src/tasks/application/delete/DeleteTask.ts": {"path":"/home/alexis/projects/00.Personals/task-management-api/src/tasks/application/delete/DeleteTask.ts","statementMap":{"0":{"start":{"line":4,"column":24},"end":{"line":4,"column":55}},"1":{"start":{"line":8,"column":8},"end":{"line":8,"column":45}},"2":{"start":{"line":3,"column":0},"end":{"line":3,"column":13}}},"fnMap":{"0":{"name":"(anonymous_7)","decl":{"start":{"line":4,"column":4},"end":{"line":4,"column":24}},"loc":{"start":{"line":4,"column":55},"end":{"line":5,"column":5}}},"1":{"name":"(anonymous_8)","decl":{"start":{"line":7,"column":10},"end":{"line":7,"column":17}},"loc":{"start":{"line":7,"column":28},"end":{"line":9,"column":null}}}},"branchMap":{},"s":{"0":1,"1":1,"2":1},"f":{"0":1,"1":1},"b":{}}
,"/home/alexis/projects/00.Personals/task-management-api/src/tasks/application/find/FindAllTasks.ts": {"path":"/home/alexis/projects/00.Personals/task-management-api/src/tasks/application/find/FindAllTasks.ts","statementMap":{"0":{"start":{"line":5,"column":24},"end":{"line":5,"column":55}},"1":{"start":{"line":9,"column":6},"end":{"line":9,"column":43}},"2":{"start":{"line":4,"column":0},"end":{"line":4,"column":13}}},"fnMap":{"0":{"name":"(anonymous_7)","decl":{"start":{"line":5,"column":4},"end":{"line":5,"column":24}},"loc":{"start":{"line":5,"column":55},"end":{"line":6,"column":5}}},"1":{"name":"(anonymous_8)","decl":{"start":{"line":8,"column":10},"end":{"line":8,"column":17}},"loc":{"start":{"line":8,"column":17},"end":{"line":10,"column":null}}}},"branchMap":{},"s":{"0":1,"1":1,"2":1},"f":{"0":1,"1":1},"b":{}}
,"/home/alexis/projects/00.Personals/task-management-api/src/tasks/application/find/FindTask.ts": {"path":"/home/alexis/projects/00.Personals/task-management-api/src/tasks/application/find/FindTask.ts","statementMap":{"0":{"start":{"line":5,"column":24},"end":{"line":5,"column":55}},"1":{"start":{"line":9,"column":8},"end":{"line":9,"column":48}},"2":{"start":{"line":4,"column":0},"end":{"line":4,"column":13}}},"fnMap":{"0":{"name":"(anonymous_7)","decl":{"start":{"line":5,"column":4},"end":{"line":5,"column":24}},"loc":{"start":{"line":5,"column":55},"end":{"line":6,"column":5}}},"1":{"name":"(anonymous_8)","decl":{"start":{"line":8,"column":10},"end":{"line":8,"column":17}},"loc":{"start":{"line":8,"column":28},"end":{"line":10,"column":null}}}},"branchMap":{},"s":{"0":2,"1":2,"2":1},"f":{"0":2,"1":2},"b":{}}
,"/home/alexis/projects/00.Personals/task-management-api/src/tasks/domain/Task.ts": {"path":"/home/alexis/projects/00.Personals/task-management-api/src/tasks/domain/Task.ts","statementMap":{"0":{"start":{"line":25,"column":8},"end":{"line":25,"column":27}},"1":{"start":{"line":26,"column":8},"end":{"line":26,"column":33}},"2":{"start":{"line":27,"column":8},"end":{"line":27,"column":45}},"3":{"start":{"line":28,"column":8},"end":{"line":28,"column":48}},"4":{"start":{"line":29,"column":8},"end":{"line":29,"column":39}},"5":{"start":{"line":30,"column":8},"end":{"line":30,"column":37}},"6":{"start":{"line":31,"column":8},"end":{"line":31,"column":41}},"7":{"start":{"line":32,"column":8},"end":{"line":32,"column":51}},"8":{"start":{"line":33,"column":8},"end":{"line":33,"column":55}},"9":{"start":{"line":34,"column":8},"end":{"line":34,"column":55}},"10":{"start":{"line":38,"column":8},"end":{"line":38,"column":33}},"11":{"start":{"line":39,"column":8},"end":{"line":39,"column":36}},"12":{"start":{"line":1,"column":0},"end":{"line":1,"column":13}}},"fnMap":{"0":{"name":"(anonymous_0)","decl":{"start":{"line":13,"column":4},"end":{"line":13,"column":16}},"loc":{"start":{"line":24,"column":5},"end":{"line":35,"column":5}}},"1":{"name":"(anonymous_1)","decl":{"start":{"line":37,"column":4},"end":{"line":37,"column":16}},"loc":{"start":{"line":37,"column":31},"end":{"line":40,"column":5}}}},"branchMap":{"0":{"loc":{"start":{"line":28,"column":22},"end":{"line":28,"column":47}},"type":"cond-expr","locations":[{"start":{"line":28,"column":34},"end":{"line":28,"column":38}},{"start":{"line":28,"column":38},"end":{"line":28,"column":47}}]},"1":{"loc":{"start":{"line":28,"column":22},"end":{"line":28,"column":38}},"type":"binary-expr","locations":[{"start":{"line":28,"column":22},"end":{"line":28,"column":38}},{"start":{"line":28,"column":34},"end":{"line":28,"column":38}}]},"2":{"loc":{"start":{"line":32,"column":26},"end":{"line":32,"column":50}},"type":"cond-expr","locations":[{"start":{"line":32,"column":42},"end":{"line":32,"column":46}},{"start":{"line":32,"column":46},"end":{"line":32,"column":50}}]},"3":{"loc":{"start":{"line":32,"column":26},"end":{"line":32,"column":46}},"type":"binary-expr","locations":[{"start":{"line":32,"column":26},"end":{"line":32,"column":46}},{"start":{"line":32,"column":42},"end":{"line":32,"column":46}}]},"4":{"loc":{"start":{"line":33,"column":25},"end":{"line":33,"column":54}},"type":"cond-expr","locations":[{"start":{"line":33,"column":40},"end":{"line":33,"column":44}},{"start":{"line":33,"column":44},"end":{"line":33,"column":54}}]},"5":{"loc":{"start":{"line":33,"column":25},"end":{"line":33,"column":44}},"type":"binary-expr","locations":[{"start":{"line":33,"column":25},"end":{"line":33,"column":44}},{"start":{"line":33,"column":40},"end":{"line":33,"column":44}}]},"6":{"loc":{"start":{"line":34,"column":25},"end":{"line":34,"column":54}},"type":"cond-expr","locations":[{"start":{"line":34,"column":40},"end":{"line":34,"column":44}},{"start":{"line":34,"column":44},"end":{"line":34,"column":54}}]},"7":{"loc":{"start":{"line":34,"column":25},"end":{"line":34,"column":44}},"type":"binary-expr","locations":[{"start":{"line":34,"column":25},"end":{"line":34,"column":44}},{"start":{"line":34,"column":40},"end":{"line":34,"column":44}}]}},"s":{"0":8,"1":8,"2":8,"3":8,"4":8,"5":8,"6":8,"7":8,"8":8,"9":8,"10":0,"11":0,"12":5},"f":{"0":8,"1":0},"b":{"0":[0,8],"1":[8,8],"2":[2,6],"3":[8,8],"4":[0,8],"5":[8,8],"6":[0,8],"7":[8,8]}}
,"/home/alexis/projects/00.Personals/task-management-api/src/users/application/create/CreateUser.ts": {"path":"/home/alexis/projects/00.Personals/task-management-api/src/users/application/create/CreateUser.ts","statementMap":{"0":{"start":{"line":2,"column":0},"end":{"line":2,"column":58}},"1":{"start":{"line":3,"column":0},"end":{"line":3,"column":64}},"2":{"start":{"line":7,"column":24},"end":{"line":7,"column":55}},"3":{"start":{"line":11,"column":24},"end":{"line":18,"column":10}},"4":{"start":{"line":20,"column":23},"end":{"line":27,"column":10}},"5":{"start":{"line":28,"column":8},"end":{"line":28,"column":50}},"6":{"start":{"line":6,"column":0},"end":{"line":6,"column":13}}},"fnMap":{"0":{"name":"(anonymous_7)","decl":{"start":{"line":7,"column":4},"end":{"line":7,"column":24}},"loc":{"start":{"line":7,"column":55},"end":{"line":8,"column":5}}},"1":{"name":"(anonymous_8)","decl":{"start":{"line":10,"column":10},"end":{"line":10,"column":17}},"loc":{"start":{"line":10,"column":41},"end":{"line":29,"column":null}}}},"branchMap":{},"s":{"0":1,"1":1,"2":1,"3":1,"4":1,"5":1,"6":1},"f":{"0":1,"1":1},"b":{}}
,"/home/alexis/projects/00.Personals/task-management-api/src/users/application/find/FindAllUsers.ts": {"path":"/home/alexis/projects/00.Personals/task-management-api/src/users/application/find/FindAllUsers.ts","statementMap":{"0":{"start":{"line":5,"column":24},"end":{"line":5,"column":55}},"1":{"start":{"line":9,"column":6},"end":{"line":9,"column":43}},"2":{"start":{"line":4,"column":0},"end":{"line":4,"column":13}}},"fnMap":{"0":{"name":"(anonymous_7)","decl":{"start":{"line":5,"column":4},"end":{"line":5,"column":24}},"loc":{"start":{"line":5,"column":55},"end":{"line":6,"column":5}}},"1":{"name":"(anonymous_8)","decl":{"start":{"line":8,"column":10},"end":{"line":8,"column":17}},"loc":{"start":{"line":8,"column":17},"end":{"line":10,"column":null}}}},"branchMap":{},"s":{"0":2,"1":2,"2":1},"f":{"0":2,"1":2},"b":{}}
}
